#
# There is insufficient memory for the Java Runtime Environment to continue.
# Native memory allocation (malloc) failed to allocate 831456 bytes for Chunk::new
# Possible reasons:
#   The system is out of physical RAM or swap space
#   In 32 bit mode, the process size limit was hit
# Possible solutions:
#   Reduce memory load on the system
#   Increase physical memory or swap space
#   Check if swap backing store is full
#   Use 64 bit Java on a 64 bit OS
#   Decrease Java heap size (-Xmx/-Xms)
#   Decrease number of Java threads
#   Decrease Java thread stack sizes (-Xss)
#   Set larger code cache with -XX:ReservedCodeCacheSize=
# This output file may be truncated or incomplete.
#
#  Out of Memory Error (allocation.cpp:390), pid=9992, tid=10104
#
# JRE version: Java(TM) SE Runtime Environment (8.0_31-b13) (build 1.8.0_31-b13)
# Java VM: Java HotSpot(TM) 64-Bit Server VM (25.31-b07 mixed mode windows-amd64 compressed oops)
# Failed to write core dump. Minidumps are not enabled by default on client versions of Windows
#

---------------  T H R E A D  ---------------

Current thread (0x00000000565ba000):  JavaThread "C2 CompilerThread1" daemon [_thread_in_native, id=10104, stack(0x0000000056c80000,0x0000000056d80000)]

Stack: [0x0000000056c80000,0x0000000056d80000]
Native frames: (J=compiled Java code, j=interpreted, Vv=VM code, C=native code)
V  [jvm.dll+0x3169ba]


Current CompileTask:
C2:   4071 1354       4       com.android.dx.ssa.SCCP::simulateStmt (481 bytes)


---------------  P R O C E S S  ---------------

Java Threads: ( => current thread )
  0x000000005686b000 JavaThread "pool-1-thread-4" [_thread_blocked, id=9696, stack(0x00000000577f0000,0x00000000578f0000)]
  0x000000005686a000 JavaThread "pool-1-thread-3" [_thread_blocked, id=6660, stack(0x00000000576e0000,0x00000000577e0000)]
  0x0000000056853800 JavaThread "pool-1-thread-2" [_thread_blocked, id=9268, stack(0x0000000057060000,0x0000000057160000)]
  0x00000000567f3000 JavaThread "pool-2-thread-1" [_thread_blocked, id=5800, stack(0x0000000057550000,0x0000000057650000)]
  0x00000000567ec800 JavaThread "pool-1-thread-1" [_thread_blocked, id=9324, stack(0x0000000057320000,0x0000000057420000)]
  0x00000000565be000 JavaThread "Service Thread" daemon [_thread_blocked, id=7436, stack(0x0000000056da0000,0x0000000056ea0000)]
  0x00000000565bb800 JavaThread "C1 CompilerThread2" daemon [_thread_blocked, id=9612, stack(0x0000000056ed0000,0x0000000056fd0000)]
=>0x00000000565ba000 JavaThread "C2 CompilerThread1" daemon [_thread_in_native, id=10104, stack(0x0000000056c80000,0x0000000056d80000)]
  0x00000000565b1800 JavaThread "C2 CompilerThread0" daemon [_thread_in_native, id=5092, stack(0x0000000056070000,0x0000000056170000)]
  0x00000000565ae000 JavaThread "Attach Listener" daemon [_thread_blocked, id=10144, stack(0x0000000056b60000,0x0000000056c60000)]
  0x00000000565ad000 JavaThread "Signal Dispatcher" daemon [_thread_blocked, id=2160, stack(0x00000000569e0000,0x0000000056ae0000)]
  0x000000005510f800 JavaThread "Finalizer" daemon [_thread_blocked, id=9732, stack(0x00000000564a0000,0x00000000565a0000)]
  0x000000005510c000 JavaThread "Reference Handler" daemon [_thread_blocked, id=9284, stack(0x0000000056340000,0x0000000056440000)]
  0x00000000024b8000 JavaThread "main" [_thread_blocked, id=6424, stack(0x0000000002790000,0x0000000002890000)]

Other Threads:
  0x0000000055108800 VMThread [stack: 0x0000000056200000,0x0000000056300000] [id=9228]
  0x00000000565c2800 WatcherThread [stack: 0x0000000057160000,0x0000000057260000] [id=8596]

VM state:not at safepoint (normal execution)

VM Mutex/Monitor currently owned by a thread: None

Heap:
 PSYoungGen      total 38400K, used 7345K [0x00000000eab00000, 0x00000000ef600000, 0x0000000100000000)
  eden space 33280K, 6% used [0x00000000eab00000,0x00000000ead308f8,0x00000000ecb80000)
  from space 5120K, 99% used [0x00000000ecb80000,0x00000000ed07bc98,0x00000000ed080000)
  to   space 5120K, 0% used [0x00000000ef100000,0x00000000ef100000,0x00000000ef600000)
 ParOldGen       total 87552K, used 1047K [0x00000000c0000000, 0x00000000c5580000, 0x00000000eab00000)
  object space 87552K, 1% used [0x00000000c0000000,0x00000000c0105c50,0x00000000c5580000)
 Metaspace       used 6071K, capacity 6960K, committed 7040K, reserved 1056768K
  class space    used 594K, capacity 616K, committed 640K, reserved 1048576K

Card table byte_map: [0x0000000011c50000,0x0000000011e60000] byte_map_base: 0x0000000011650000

Marking Bits: (ParMarkBitMap*) 0x0000000062c4d4f0
 Begin Bits: [0x0000000012580000, 0x0000000013580000)
 End Bits:   [0x0000000013580000, 0x0000000014580000)

Polling page: 0x0000000000230000

CodeCache: size=245760Kb used=5255Kb max_used=5274Kb free=240504Kb
 bounds [0x0000000002890000, 0x0000000002dc0000, 0x0000000011890000]
 total_blobs=1623 nmethods=1357 adapters=180
 compilation: enabled

Compilation events (10 events):
Event: 4.015 Thread 0x00000000565bb800 1359       3       com.android.dx.util.LabeledList::rebuildLabelToIndex (46 bytes)
Event: 4.015 Thread 0x00000000565bb800 nmethod 1359 0x0000000002dad890 code [0x0000000002dada40, 0x0000000002dae0a8]
Event: 4.015 Thread 0x00000000565bb800 1360       3       com.android.dx.rop.type.Prototype::compareTo (120 bytes)
Event: 4.016 Thread 0x00000000565bb800 nmethod 1360 0x0000000002dae2d0 code [0x0000000002dae4e0, 0x0000000002daf338]
Event: 4.019 Thread 0x00000000565ba000 nmethod 1349 0x0000000002db2ed0 code [0x0000000002db3060, 0x0000000002db38b0]
Event: 4.020 Thread 0x00000000565ba000 1350       4       com.android.dx.rop.code.Insn::hashCode (5 bytes)
Event: 4.020 Thread 0x00000000565ba000 nmethod 1350 0x0000000002da9750 code [0x0000000002da98a0, 0x0000000002da9928]
Event: 4.020 Thread 0x00000000565ba000 1354       4       com.android.dx.ssa.SCCP::simulateStmt (481 bytes)
Event: 4.037 Thread 0x00000000565b1800 nmethod 1338 0x0000000002db7810 code [0x0000000002db7a80, 0x0000000002db9710]
Event: 4.037 Thread 0x00000000565b1800 1353   !   4       com.android.dx.cf.code.BytecodeArray::parseInstruction (2764 bytes)

GC Heap History (2 events):
Event: 3.718 GC heap before
{Heap before GC invocations=1 (full 0):
 PSYoungGen      total 38400K, used 33280K [0x00000000eab00000, 0x00000000ed580000, 0x0000000100000000)
  eden space 33280K, 100% used [0x00000000eab00000,0x00000000ecb80000,0x00000000ecb80000)
  from space 5120K, 0% used [0x00000000ed080000,0x00000000ed080000,0x00000000ed580000)
  to   space 5120K, 0% used [0x00000000ecb80000,0x00000000ecb80000,0x00000000ed080000)
 ParOldGen       total 87552K, used 0K [0x00000000c0000000, 0x00000000c5580000, 0x00000000eab00000)
  object space 87552K, 0% used [0x00000000c0000000,0x00000000c0000000,0x00000000c5580000)
 Metaspace       used 6056K, capacity 6960K, committed 7040K, reserved 1056768K
  class space    used 594K, capacity 616K, committed 640K, reserved 1048576K
Event: 3.803 GC heap after
Heap after GC invocations=1 (full 0):
 PSYoungGen      total 38400K, used 5103K [0x00000000eab00000, 0x00000000ef600000, 0x0000000100000000)
  eden space 33280K, 0% used [0x00000000eab00000,0x00000000eab00000,0x00000000ecb80000)
  from space 5120K, 99% used [0x00000000ecb80000,0x00000000ed07bc98,0x00000000ed080000)
  to   space 5120K, 0% used [0x00000000ef100000,0x00000000ef100000,0x00000000ef600000)
 ParOldGen       total 87552K, used 1047K [0x00000000c0000000, 0x00000000c5580000, 0x00000000eab00000)
  object space 87552K, 1% used [0x00000000c0000000,0x00000000c0105c50,0x00000000c5580000)
 Metaspace       used 6056K, capacity 6960K, committed 7040K, reserved 1056768K
  class space    used 594K, capacity 616K, committed 640K, reserved 1048576K
}

Deoptimization events (6 events):
Event: 0.841 Thread 0x0000000056853800 Uncommon trap: reason=class_check action=maybe_recompile pc=0x0000000002b3ec20 method=com.android.dx.ssa.NormalSsaInsn.accept(Lcom/android/dx/ssa/SsaInsn$Visitor;)V @ 9
Event: 0.865 Thread 0x0000000056853800 Uncommon trap: reason=class_check action=maybe_recompile pc=0x0000000002b3ec20 method=com.android.dx.ssa.NormalSsaInsn.accept(Lcom/android/dx/ssa/SsaInsn$Visitor;)V @ 9
Event: 1.435 Thread 0x0000000056853800 Uncommon trap: reason=class_check action=maybe_recompile pc=0x0000000002b3ec20 method=com.android.dx.ssa.NormalSsaInsn.accept(Lcom/android/dx/ssa/SsaInsn$Visitor;)V @ 9
Event: 1.452 Thread 0x0000000056853800 Uncommon trap: reason=class_check action=maybe_recompile pc=0x0000000002b3ec20 method=com.android.dx.ssa.NormalSsaInsn.accept(Lcom/android/dx/ssa/SsaInsn$Visitor;)V @ 9
Event: 3.343 Thread 0x0000000056853800 Uncommon trap: reason=unreached action=reinterpret pc=0x0000000002be124c method=com.android.dx.ssa.SsaMethod.updateOneDefinition(Lcom/android/dx/ssa/SsaInsn;Lcom/android/dx/rop/code/RegisterSpec;)V @ 4
Event: 3.689 Thread 0x000000005686b000 Uncommon trap: reason=null_check action=make_not_entrant pc=0x0000000002bcd054 method=com.android.dx.rop.type.Type.equals(Ljava/lang/Object;)Z @ 8

Internal exceptions (10 events):
Event: 0.822 Thread 0x0000000056853800 Exception <a 'java/security/PrivilegedActionException'> (0x00000000eb9392d0) thrown at [C:\workspace\8-2-build-windows-amd64-cygwin\jdk8u31\2394\hotspot\src\share\vm\prims\jvm.cpp, line 1312]
Event: 0.822 Thread 0x0000000056853800 Exception <a 'java/security/PrivilegedActionException'> (0x00000000eb93e8a0) thrown at [C:\workspace\8-2-build-windows-amd64-cygwin\jdk8u31\2394\hotspot\src\share\vm\prims\jvm.cpp, line 1312]
Event: 0.824 Thread 0x0000000056853800 Exception <a 'java/security/PrivilegedActionException'> (0x00000000eb9538d8) thrown at [C:\workspace\8-2-build-windows-amd64-cygwin\jdk8u31\2394\hotspot\src\share\vm\prims\jvm.cpp, line 1312]
Event: 0.849 Thread 0x0000000056853800 Exception <a 'java/security/PrivilegedActionException'> (0x00000000eba8a538) thrown at [C:\workspace\8-2-build-windows-amd64-cygwin\jdk8u31\2394\hotspot\src\share\vm\prims\jvm.cpp, line 1312]
Event: 0.867 Thread 0x0000000056853800 Exception <a 'java/security/PrivilegedActionException'> (0x00000000ebb73578) thrown at [C:\workspace\8-2-build-windows-amd64-cygwin\jdk8u31\2394\hotspot\src\share\vm\prims\jvm.cpp, line 1312]
Event: 1.436 Thread 0x0000000056853800 Exception <a 'java/security/PrivilegedActionException'> (0x00000000ebbbd358) thrown at [C:\workspace\8-2-build-windows-amd64-cygwin\jdk8u31\2394\hotspot\src\share\vm\prims\jvm.cpp, line 1312]
Event: 1.870 Thread 0x000000005686b000 Exception <a 'java/security/PrivilegedActionException'> (0x00000000ec1c3938) thrown at [C:\workspace\8-2-build-windows-amd64-cygwin\jdk8u31\2394\hotspot\src\share\vm\prims\jvm.cpp, line 1312]
Event: 3.342 Thread 0x0000000056853800 Exception <a 'java/security/PrivilegedActionException'> (0x00000000ec3a5c48) thrown at [C:\workspace\8-2-build-windows-amd64-cygwin\jdk8u31\2394\hotspot\src\share\vm\prims\jvm.cpp, line 1312]
Event: 3.371 Thread 0x00000000024b8000 Exception <a 'java/security/PrivilegedActionException'> (0x00000000eb7f7df8) thrown at [C:\workspace\8-2-build-windows-amd64-cygwin\jdk8u31\2394\hotspot\src\share\vm\prims\jvm.cpp, line 1312]
Event: 3.689 Thread 0x000000005686b000 Implicit null exception at 0x0000000002bccf52 to 0x0000000002bcd045

Events (10 events):
Event: 3.677 loading class java/util/TreeMap$EntrySet done
Event: 3.677 loading class java/util/TreeMap$EntryIterator
Event: 3.677 loading class java/util/TreeMap$EntryIterator done
Event: 3.677 Executing VM operation: Deoptimize
Event: 3.677 Executing VM operation: Deoptimize done
Event: 3.689 Thread 0x000000005686b000 Uncommon trap: trap_request=0xfffffff4 fr.pc=0x0000000002bcd054
Event: 3.689 Thread 0x000000005686b000 DEOPT PACKING pc=0x0000000002bcd054 sp=0x00000000578ee8a0
Event: 3.689 Thread 0x000000005686b000 DEOPT UNPACKING pc=0x00000000028d556a sp=0x00000000578ee828 mode 2
Event: 3.718 Executing VM operation: ParallelGCFailedAllocation
Event: 3.803 Executing VM operation: ParallelGCFailedAllocation done


Dynamic libraries:
0x000000013f370000 - 0x000000013f3a4000 	C:\Program Files\Java\jdk1.8.0_31\bin\java.exe
0x0000000077190000 - 0x0000000077338000 	C:\windows\SYSTEM32\ntdll.dll
0x0000000076f70000 - 0x000000007708f000 	C:\windows\system32\kernel32.dll
0x000007fefd180000 - 0x000007fefd1ec000 	C:\windows\system32\KERNELBASE.dll
0x000007fefe480000 - 0x000007fefe55b000 	C:\windows\system32\ADVAPI32.dll
0x000007feff3b0000 - 0x000007feff44f000 	C:\windows\system32\msvcrt.dll
0x000007feff240000 - 0x000007feff25f000 	C:\windows\SYSTEM32\sechost.dll
0x000007fefe9d0000 - 0x000007fefeafd000 	C:\windows\system32\RPCRT4.dll
0x0000000077090000 - 0x000000007718a000 	C:\windows\system32\USER32.dll
0x000007feff260000 - 0x000007feff2c7000 	C:\windows\system32\GDI32.dll
0x000007fefd5b0000 - 0x000007fefd5be000 	C:\windows\system32\LPK.dll
0x000007feff0d0000 - 0x000007feff199000 	C:\windows\system32\USP10.dll
0x000007fefb730000 - 0x000007fefb924000 	C:\windows\WinSxS\amd64_microsoft.windows.common-controls_6595b64144ccf1df_6.0.7601.18837_none_fa3b1e3d17594757\COMCTL32.dll
0x000007fefeb00000 - 0x000007fefeb71000 	C:\windows\system32\SHLWAPI.dll
0x000007fefe9a0000 - 0x000007fefe9ce000 	C:\windows\system32\IMM32.DLL
0x000007fefd4a0000 - 0x000007fefd5a9000 	C:\windows\system32\MSCTF.dll
0x0000000062cd0000 - 0x0000000062da2000 	C:\Program Files\Java\jdk1.8.0_31\jre\bin\msvcr100.dll
0x0000000062470000 - 0x0000000062cca000 	C:\Program Files\Java\jdk1.8.0_31\jre\bin\server\jvm.dll
0x000007feeece0000 - 0x000007feeece9000 	C:\windows\system32\WSOCK32.dll
0x000007feff450000 - 0x000007feff49d000 	C:\windows\system32\WS2_32.dll
0x000007fefedd0000 - 0x000007fefedd8000 	C:\windows\system32\NSI.dll
0x000007fefaf80000 - 0x000007fefafbb000 	C:\windows\system32\WINMM.dll
0x0000000077360000 - 0x0000000077367000 	C:\windows\system32\PSAPI.DLL
0x0000000063f00000 - 0x0000000063f0f000 	C:\Program Files\Java\jdk1.8.0_31\jre\bin\verify.dll
0x0000000062e60000 - 0x0000000062e88000 	C:\Program Files\Java\jdk1.8.0_31\jre\bin\java.dll
0x0000000062e40000 - 0x0000000062e56000 	C:\Program Files\Java\jdk1.8.0_31\jre\bin\zip.dll
0x000007fefd5c0000 - 0x000007fefe349000 	C:\windows\system32\SHELL32.dll
0x000007fefeec0000 - 0x000007feff0c3000 	C:\windows\system32\ole32.dll
0x000007fefd090000 - 0x000007fefd09f000 	C:\windows\system32\profapi.dll

VM Arguments:
jvm_args: -Djava.awt.headless=true -Xmx1024M -Dfile.encoding=GBK -Duser.country=CN -Duser.language=zh -Duser.variant 
java_command: com.android.dx.command.Main --dex --num-threads=4 --output D:\AndroidWorkSpace\gitlababoluo\AboluoProject\app\build\intermediates\pre-dexed\debug\com.android.support-design-23.2.1_6c5eda3f92ad434f77fd38e4f5ffe4c997bb62a8.jar D:\AndroidWorkSpace\gitlababoluo\AboluoProject\app\build\intermediates\exploded-aar\com.android.support\design\23.2.1\jars\classes.jar
java_class_path (initial): D:\Android\AndroidSDK\build-tools\24.0.1\lib\dx.jar
Launcher Type: SUN_STANDARD

Environment Variables:
JAVA_HOME=C:\Program Files\Java\jdk1.8.0_31
CLASSPATH=C:\STAF\samples\demo\STAFDemo.jar;C:\STAF\bin\JSTAF.jar;C:\Program Files\Java\jdk1.8.0_31\lib\dt.jar;C:\Program Files\Java\jdk1.8.0_31\lib\tools.jar
PATH=C:\ProgramData\Oracle\Java\javapath;C:\STAF\bin;D:\Python27\;D:\Python27\Scripts;C:\windows\system32;C:\windows;C:\windows\System32\Wbem;C:\windows\System32\WindowsPowerShell\v1.0\;C:\Program Files\Microsoft\Web Platform Installer\;C:\Program Files (x86)\Microsoft ASP.NET\ASP.NET Web Pages\v1.0\;C:\Program Files (x86)\Windows Kits\8.0\Windows Performance Toolkit\;C:\Program Files\Microsoft SQL Server\110\Tools\Binn\;C:\Program Files (x86)\Microsoft SQL Server\100\Tools\Binn\;C:\Program Files\Microsoft SQL Server\100\Tools\Binn\;C:\Program Files\Microsoft SQL Server\100\DTS\Binn\;C:\Program Files (x86)\Microsoft SQL Server\100\Tools\Binn\VSShell\Common7\IDE\;C:\Program Files (x86)\Microsoft Visual Studio 9.0\Common7\IDE\PrivateAssemblies\;C:\Program Files (x86)\Microsoft SQL Server\100\DTS\Binn\;d:\Program Files (x86)\Bitvise SSH Client;D:\eclipse\apache-maven-3.0.4\bin;C:\apache-tomcat-8.0.33-windows-x64\apache-tomcat-8.0.33\lib;C:\apache-tomcat-8.0.33-windows-x64\apache-tomcat-8.0.33\bin;C:\Program Files\Java\jdk1.8.0_31\bin;C:\Program Files (x86)\GitExtensions\;d:\php5.6;d:php5.6\ext;D:\Android\Android Studio\gradle\gradle-2.14.1\bin;
USERNAME=cj34920
OS=Windows_NT
PROCESSOR_IDENTIFIER=Intel64 Family 6 Model 94 Stepping 3, GenuineIntel



---------------  S Y S T E M  ---------------

OS: Windows 7 , 64 bit Build 7601 Service Pack 1

CPU:total 4 (4 cores per cpu, 1 threads per core) family 6 model 94 stepping 3, cmov, cx8, fxsr, mmx, sse, sse2, sse3, ssse3, sse4.1, sse4.2, popcnt, avx, avx2, aes, clmul, erms, rtm, lzcnt, tsc, tscinvbit, bmi1, bmi2

Memory: 4k page, physical 8266928k(599056k free), swap 22017008k(5180k free)

vm_info: Java HotSpot(TM) 64-Bit Server VM (25.31-b07) for windows-amd64 JRE (1.8.0_31-b13), built on Dec 17 2014 21:00:28 by "java_re" with MS VC++ 10.0 (VS2010)

time: Wed Nov 16 20:43:45 2016
elapsed time: 4 seconds (0d 0h 0m 4s)

