#
# There is insufficient memory for the Java Runtime Environment to continue.
# Native memory allocation (malloc) failed to allocate 127488 bytes for Chunk::new
# Possible reasons:
#   The system is out of physical RAM or swap space
#   In 32 bit mode, the process size limit was hit
# Possible solutions:
#   Reduce memory load on the system
#   Increase physical memory or swap space
#   Check if swap backing store is full
#   Use 64 bit Java on a 64 bit OS
#   Decrease Java heap size (-Xmx/-Xms)
#   Decrease number of Java threads
#   Decrease Java thread stack sizes (-Xss)
#   Set larger code cache with -XX:ReservedCodeCacheSize=
# This output file may be truncated or incomplete.
#
#  Out of Memory Error (allocation.cpp:390), pid=9344, tid=7356
#
# JRE version: Java(TM) SE Runtime Environment (8.0_31-b13) (build 1.8.0_31-b13)
# Java VM: Java HotSpot(TM) 64-Bit Server VM (25.31-b07 mixed mode windows-amd64 compressed oops)
# Failed to write core dump. Minidumps are not enabled by default on client versions of Windows
#

---------------  T H R E A D  ---------------

Current thread (0x00000000564d1800):  JavaThread "C2 CompilerThread0" daemon [_thread_in_native, id=7356, stack(0x0000000056c60000,0x0000000056d60000)]

Stack: [0x0000000056c60000,0x0000000056d60000]
Native frames: (J=compiled Java code, j=interpreted, Vv=VM code, C=native code)
V  [jvm.dll+0x3169ba]


Current CompileTask:
C2:   9205 1673 %     4       com.android.dx.ssa.SsaConverter::placePhiFunctions @ 53 (394 bytes)


---------------  P R O C E S S  ---------------

Java Threads: ( => current thread )
  0x000000005667a800 JavaThread "pool-1-thread-4" [_thread_blocked, id=8984, stack(0x0000000057900000,0x0000000057a00000)]
  0x0000000056678000 JavaThread "pool-1-thread-3" [_thread_blocked, id=9328, stack(0x0000000057780000,0x0000000057880000)]
  0x0000000056676000 JavaThread "pool-1-thread-2" [_thread_blocked, id=9396, stack(0x00000000574c0000,0x00000000575c0000)]
  0x0000000056673000 JavaThread "pool-2-thread-1" [_thread_blocked, id=9240, stack(0x00000000573a0000,0x00000000574a0000)]
  0x0000000056670800 JavaThread "pool-1-thread-1" [_thread_blocked, id=10112, stack(0x0000000056fa0000,0x00000000570a0000)]
  0x00000000564ee000 JavaThread "Service Thread" daemon [_thread_blocked, id=9868, stack(0x00000000570e0000,0x00000000571e0000)]
  0x00000000564d8800 JavaThread "C1 CompilerThread2" daemon [_thread_blocked, id=9524, stack(0x0000000056e30000,0x0000000056f30000)]
  0x00000000564d7000 JavaThread "C2 CompilerThread1" daemon [_thread_blocked, id=6252, stack(0x00000000568e0000,0x00000000569e0000)]
=>0x00000000564d1800 JavaThread "C2 CompilerThread0" daemon [_thread_in_native, id=7356, stack(0x0000000056c60000,0x0000000056d60000)]
  0x00000000564ce800 JavaThread "Attach Listener" daemon [_thread_blocked, id=8936, stack(0x0000000056a40000,0x0000000056b40000)]
  0x00000000550c6000 JavaThread "Signal Dispatcher" daemon [_thread_blocked, id=9752, stack(0x0000000056020000,0x0000000056120000)]
  0x000000005506f800 JavaThread "Finalizer" daemon [_thread_blocked, id=10024, stack(0x00000000563c0000,0x00000000564c0000)]
  0x000000005506c000 JavaThread "Reference Handler" daemon [_thread_blocked, id=5976, stack(0x0000000056250000,0x0000000056350000)]
  0x0000000002418000 JavaThread "main" [_thread_in_native, id=8468, stack(0x0000000002710000,0x0000000002810000)]

Other Threads:
  0x0000000055068800 VMThread [stack: 0x0000000056140000,0x0000000056240000] [id=10172]
  0x0000000056514000 WatcherThread [stack: 0x0000000057280000,0x0000000057380000] [id=2140]

VM state:not at safepoint (normal execution)

VM Mutex/Monitor currently owned by a thread: None

Heap:
 PSYoungGen      total 71680K, used 18599K [0x00000000eab00000, 0x00000000ef600000, 0x0000000100000000)
  eden space 66560K, 20% used [0x00000000eab00000,0x00000000eb830ac0,0x00000000eec00000)
  from space 5120K, 99% used [0x00000000ef100000,0x00000000ef5f9398,0x00000000ef600000)
  to   space 5120K, 0% used [0x00000000eec00000,0x00000000eec00000,0x00000000ef100000)
 ParOldGen       total 87552K, used 6928K [0x00000000c0000000, 0x00000000c5580000, 0x00000000eab00000)
  object space 87552K, 7% used [0x00000000c0000000,0x00000000c06c4150,0x00000000c5580000)
 Metaspace       used 6166K, capacity 7088K, committed 7296K, reserved 1056768K
  class space    used 596K, capacity 616K, committed 640K, reserved 1048576K

Card table byte_map: [0x0000000011bd0000,0x0000000011de0000] byte_map_base: 0x00000000115d0000

Marking Bits: (ParMarkBitMap*) 0x0000000062c4d4f0
 Begin Bits: [0x00000000124e0000, 0x00000000134e0000)
 End Bits:   [0x00000000134e0000, 0x00000000144e0000)

Polling page: 0x0000000000340000

CodeCache: size=245760Kb used=7627Kb max_used=7640Kb free=238132Kb
 bounds [0x0000000002810000, 0x0000000002fa0000, 0x0000000011810000]
 total_blobs=1925 nmethods=1659 adapters=180
 compilation: enabled

Compilation events (10 events):
Event: 9.124 Thread 0x00000000564d8800 nmethod 1668 0x0000000002f72f90 code [0x0000000002f73100, 0x0000000002f73310]
Event: 9.134 Thread 0x00000000564d1800 1670       4       com.android.dx.rop.code.BasicBlockList::getInstructionCount (48 bytes)
Event: 9.136 Thread 0x00000000564d1800 nmethod 1670 0x0000000002f726d0 code [0x0000000002f72820, 0x0000000002f729f8]
Event: 9.138 Thread 0x00000000564d8800 1671       3       java.util.concurrent.ThreadPoolExecutor::runStateOf (5 bytes)
Event: 9.138 Thread 0x00000000564d8800 nmethod 1671 0x0000000002f723d0 code [0x0000000002f72520, 0x0000000002f72650]
Event: 9.148 Thread 0x00000000564d8800 1672       3       java.lang.Boolean::valueOf (14 bytes)
Event: 9.148 Thread 0x00000000564d8800 nmethod 1672 0x0000000002f72090 code [0x0000000002f721e0, 0x0000000002f72370]
Event: 9.151 Thread 0x00000000564d1800 1673 %     4       com.android.dx.ssa.SsaConverter::placePhiFunctions @ 53 (394 bytes)
Event: 9.178 Thread 0x00000000564d8800 1674       3       java.util.concurrent.locks.AbstractQueuedSynchronizer::unparkSuccessor (84 bytes)
Event: 9.179 Thread 0x00000000564d8800 nmethod 1674 0x0000000002f75bd0 code [0x0000000002f75d60, 0x0000000002f762a8]

GC Heap History (4 events):
Event: 2.683 GC heap before
{Heap before GC invocations=1 (full 0):
 PSYoungGen      total 38400K, used 33280K [0x00000000eab00000, 0x00000000ed580000, 0x0000000100000000)
  eden space 33280K, 100% used [0x00000000eab00000,0x00000000ecb80000,0x00000000ecb80000)
  from space 5120K, 0% used [0x00000000ed080000,0x00000000ed080000,0x00000000ed580000)
  to   space 5120K, 0% used [0x00000000ecb80000,0x00000000ecb80000,0x00000000ed080000)
 ParOldGen       total 87552K, used 0K [0x00000000c0000000, 0x00000000c5580000, 0x00000000eab00000)
  object space 87552K, 0% used [0x00000000c0000000,0x00000000c0000000,0x00000000c5580000)
 Metaspace       used 5956K, capacity 6960K, committed 7040K, reserved 1056768K
  class space    used 592K, capacity 616K, committed 640K, reserved 1048576K
Event: 3.695 GC heap after
Heap after GC invocations=1 (full 0):
 PSYoungGen      total 38400K, used 5118K [0x00000000eab00000, 0x00000000ef600000, 0x0000000100000000)
  eden space 33280K, 0% used [0x00000000eab00000,0x00000000eab00000,0x00000000ecb80000)
  from space 5120K, 99% used [0x00000000ecb80000,0x00000000ed07f9b8,0x00000000ed080000)
  to   space 5120K, 0% used [0x00000000ef100000,0x00000000ef100000,0x00000000ef600000)
 ParOldGen       total 87552K, used 2358K [0x00000000c0000000, 0x00000000c5580000, 0x00000000eab00000)
  object space 87552K, 2% used [0x00000000c0000000,0x00000000c024d970,0x00000000c5580000)
 Metaspace       used 5956K, capacity 6960K, committed 7040K, reserved 1056768K
  class space    used 592K, capacity 616K, committed 640K, reserved 1048576K
}
Event: 8.133 GC heap before
{Heap before GC invocations=2 (full 0):
 PSYoungGen      total 38400K, used 38398K [0x00000000eab00000, 0x00000000ef600000, 0x0000000100000000)
  eden space 33280K, 100% used [0x00000000eab00000,0x00000000ecb80000,0x00000000ecb80000)
  from space 5120K, 99% used [0x00000000ecb80000,0x00000000ed07f9b8,0x00000000ed080000)
  to   space 5120K, 0% used [0x00000000ef100000,0x00000000ef100000,0x00000000ef600000)
 ParOldGen       total 87552K, used 2358K [0x00000000c0000000, 0x00000000c5580000, 0x00000000eab00000)
  object space 87552K, 2% used [0x00000000c0000000,0x00000000c024d970,0x00000000c5580000)
 Metaspace       used 6099K, capacity 7088K, committed 7296K, reserved 1056768K
  class space    used 594K, capacity 616K, committed 640K, reserved 1048576K
Event: 8.359 GC heap after
Heap after GC invocations=2 (full 0):
 PSYoungGen      total 71680K, used 5092K [0x00000000eab00000, 0x00000000ef600000, 0x0000000100000000)
  eden space 66560K, 0% used [0x00000000eab00000,0x00000000eab00000,0x00000000eec00000)
  from space 5120K, 99% used [0x00000000ef100000,0x00000000ef5f9398,0x00000000ef600000)
  to   space 5120K, 0% used [0x00000000eec00000,0x00000000eec00000,0x00000000ef100000)
 ParOldGen       total 87552K, used 6928K [0x00000000c0000000, 0x00000000c5580000, 0x00000000eab00000)
  object space 87552K, 7% used [0x00000000c0000000,0x00000000c06c4150,0x00000000c5580000)
 Metaspace       used 6099K, capacity 7088K, committed 7296K, reserved 1056768K
  class space    used 594K, capacity 616K, committed 640K, reserved 1048576K
}

Deoptimization events (10 events):
Event: 2.506 Thread 0x0000000056670800 Uncommon trap: reason=class_check action=maybe_recompile pc=0x0000000002bc9dbc method=com.android.dx.ssa.NormalSsaInsn.accept(Lcom/android/dx/ssa/SsaInsn$Visitor;)V @ 9
Event: 2.506 Thread 0x0000000056670800 Uncommon trap: reason=class_check action=maybe_recompile pc=0x0000000002ab9ba0 method=com.android.dx.ssa.NormalSsaInsn.accept(Lcom/android/dx/ssa/SsaInsn$Visitor;)V @ 9
Event: 2.517 Thread 0x0000000056670800 Uncommon trap: reason=unreached action=reinterpret pc=0x00000000029eb8c4 method=com.android.dx.rop.cst.Constant.compareTo(Lcom/android/dx/rop/cst/Constant;)I @ 12
Event: 4.129 Thread 0x000000005667a800 Uncommon trap: reason=bimorphic action=maybe_recompile pc=0x0000000002ab5be8 method=java.util.HashMap.getNode(ILjava/lang/Object;)Ljava/util/HashMap$Node; @ 126
Event: 4.129 Thread 0x000000005667a800 Uncommon trap: reason=class_check action=maybe_recompile pc=0x0000000002d0a768 method=java.util.HashMap.putVal(ILjava/lang/Object;Ljava/lang/Object;ZZ)Ljava/lang/Object; @ 203
Event: 4.129 Thread 0x000000005667a800 Uncommon trap: reason=bimorphic action=maybe_recompile pc=0x0000000002ab5be8 method=java.util.HashMap.getNode(ILjava/lang/Object;)Ljava/util/HashMap$Node; @ 126
Event: 4.140 Thread 0x000000005667a800 Uncommon trap: reason=null_check action=make_not_entrant pc=0x0000000002c42014 method=com.android.dx.rop.type.Type.equals(Ljava/lang/Object;)Z @ 8
Event: 4.321 Thread 0x0000000056676000 Uncommon trap: reason=unloaded action=reinterpret pc=0x0000000002d8a6c8 method=com.android.dx.ssa.LiteralOpUpgrader$1.visitNonMoveInsn(Lcom/android/dx/ssa/NormalSsaInsn;)V @ 72
Event: 4.321 Thread 0x0000000056676000 Uncommon trap: reason=unreached action=reinterpret pc=0x0000000002c5e80c method=com.android.dx.ssa.SsaMethod.updateOneDefinition(Lcom/android/dx/ssa/SsaInsn;Lcom/android/dx/rop/code/RegisterSpec;)V @ 4
Event: 7.679 Thread 0x0000000056678000 Uncommon trap: reason=unloaded action=reinterpret pc=0x0000000002e73250 method=com.android.dx.ssa.Dominators.compress(Lcom/android/dx/ssa/SsaBasicBlock;)V @ 39

Internal exceptions (10 events):
Event: 1.528 Thread 0x0000000056676000 Exception <a 'java/security/PrivilegedActionException'> (0x00000000ebbb5c00) thrown at [C:\workspace\8-2-build-windows-amd64-cygwin\jdk8u31\2394\hotspot\src\share\vm\prims\jvm.cpp, line 1312]
Event: 1.529 Thread 0x0000000056676000 Exception <a 'java/security/PrivilegedActionException'> (0x00000000ebbc9018) thrown at [C:\workspace\8-2-build-windows-amd64-cygwin\jdk8u31\2394\hotspot\src\share\vm\prims\jvm.cpp, line 1312]
Event: 1.531 Thread 0x0000000056676000 Exception <a 'java/security/PrivilegedActionException'> (0x00000000ebbe0c28) thrown at [C:\workspace\8-2-build-windows-amd64-cygwin\jdk8u31\2394\hotspot\src\share\vm\prims\jvm.cpp, line 1312]
Event: 1.710 Thread 0x0000000002418000 Exception <a 'java/security/PrivilegedActionException'> (0x00000000ebcc9c18) thrown at [C:\workspace\8-2-build-windows-amd64-cygwin\jdk8u31\2394\hotspot\src\share\vm\prims\jvm.cpp, line 1312]
Event: 1.722 Thread 0x0000000056676000 Exception <a 'java/security/PrivilegedActionException'> (0x00000000ebdcd048) thrown at [C:\workspace\8-2-build-windows-amd64-cygwin\jdk8u31\2394\hotspot\src\share\vm\prims\jvm.cpp, line 1312]
Event: 1.905 Thread 0x0000000056678000 Exception <a 'java/security/PrivilegedActionException'> (0x00000000ebc35768) thrown at [C:\workspace\8-2-build-windows-amd64-cygwin\jdk8u31\2394\hotspot\src\share\vm\prims\jvm.cpp, line 1312]
Event: 4.140 Thread 0x000000005667a800 Implicit null exception at 0x0000000002c41f12 to 0x0000000002c42005
Event: 4.190 Thread 0x0000000002418000 Exception <a 'java/security/PrivilegedActionException'> (0x00000000eab23098) thrown at [C:\workspace\8-2-build-windows-amd64-cygwin\jdk8u31\2394\hotspot\src\share\vm\prims\jvm.cpp, line 1312]
Event: 4.321 Thread 0x0000000056676000 Exception <a 'java/security/PrivilegedActionException'> (0x00000000eb3451f0) thrown at [C:\workspace\8-2-build-windows-amd64-cygwin\jdk8u31\2394\hotspot\src\share\vm\prims\jvm.cpp, line 1312]
Event: 6.121 Thread 0x0000000056678000 Exception <a 'java/security/PrivilegedActionException'> (0x00000000ec7fe2d0) thrown at [C:\workspace\8-2-build-windows-amd64-cygwin\jdk8u31\2394\hotspot\src\share\vm\prims\jvm.cpp, line 1312]

Events (10 events):
Event: 8.419 Executing VM operation: RevokeBias
Event: 8.419 Executing VM operation: RevokeBias done
Event: 8.419 Executing VM operation: BulkRevokeBias
Event: 8.419 Executing VM operation: BulkRevokeBias done
Event: 8.495 loading class java/util/TreeMap$EntrySet
Event: 8.495 loading class java/util/TreeMap$EntrySet done
Event: 8.495 loading class java/util/TreeMap$EntryIterator
Event: 8.495 loading class java/util/TreeMap$EntryIterator done
Event: 8.495 Executing VM operation: Deoptimize
Event: 8.496 Executing VM operation: Deoptimize done


Dynamic libraries:
0x000000013f370000 - 0x000000013f3a4000 	C:\Program Files\Java\jdk1.8.0_31\bin\java.exe
0x0000000077190000 - 0x0000000077338000 	C:\windows\SYSTEM32\ntdll.dll
0x0000000076f70000 - 0x000000007708f000 	C:\windows\system32\kernel32.dll
0x000007fefd180000 - 0x000007fefd1ec000 	C:\windows\system32\KERNELBASE.dll
0x000007fefe480000 - 0x000007fefe55b000 	C:\windows\system32\ADVAPI32.dll
0x000007feff3b0000 - 0x000007feff44f000 	C:\windows\system32\msvcrt.dll
0x000007feff240000 - 0x000007feff25f000 	C:\windows\SYSTEM32\sechost.dll
0x000007fefe9d0000 - 0x000007fefeafd000 	C:\windows\system32\RPCRT4.dll
0x0000000077090000 - 0x000000007718a000 	C:\windows\system32\USER32.dll
0x000007feff260000 - 0x000007feff2c7000 	C:\windows\system32\GDI32.dll
0x000007fefd5b0000 - 0x000007fefd5be000 	C:\windows\system32\LPK.dll
0x000007feff0d0000 - 0x000007feff199000 	C:\windows\system32\USP10.dll
0x000007fefb730000 - 0x000007fefb924000 	C:\windows\WinSxS\amd64_microsoft.windows.common-controls_6595b64144ccf1df_6.0.7601.18837_none_fa3b1e3d17594757\COMCTL32.dll
0x000007fefeb00000 - 0x000007fefeb71000 	C:\windows\system32\SHLWAPI.dll
0x000007fefe9a0000 - 0x000007fefe9ce000 	C:\windows\system32\IMM32.DLL
0x000007fefd4a0000 - 0x000007fefd5a9000 	C:\windows\system32\MSCTF.dll
0x0000000062cd0000 - 0x0000000062da2000 	C:\Program Files\Java\jdk1.8.0_31\jre\bin\msvcr100.dll
0x0000000062470000 - 0x0000000062cca000 	C:\Program Files\Java\jdk1.8.0_31\jre\bin\server\jvm.dll
0x000007feeece0000 - 0x000007feeece9000 	C:\windows\system32\WSOCK32.dll
0x000007feff450000 - 0x000007feff49d000 	C:\windows\system32\WS2_32.dll
0x000007fefedd0000 - 0x000007fefedd8000 	C:\windows\system32\NSI.dll
0x000007fefaf80000 - 0x000007fefafbb000 	C:\windows\system32\WINMM.dll
0x0000000077360000 - 0x0000000077367000 	C:\windows\system32\PSAPI.DLL
0x0000000063f00000 - 0x0000000063f0f000 	C:\Program Files\Java\jdk1.8.0_31\jre\bin\verify.dll
0x0000000062e60000 - 0x0000000062e88000 	C:\Program Files\Java\jdk1.8.0_31\jre\bin\java.dll
0x0000000062e40000 - 0x0000000062e56000 	C:\Program Files\Java\jdk1.8.0_31\jre\bin\zip.dll
0x000007fefd5c0000 - 0x000007fefe349000 	C:\windows\system32\SHELL32.dll
0x000007fefeec0000 - 0x000007feff0c3000 	C:\windows\system32\ole32.dll
0x000007fefd090000 - 0x000007fefd09f000 	C:\windows\system32\profapi.dll

VM Arguments:
jvm_args: -Djava.awt.headless=true -Xmx1024M -Dfile.encoding=GBK -Duser.country=CN -Duser.language=zh -Duser.variant 
java_command: com.android.dx.command.Main --dex --num-threads=4 --output D:\AndroidWorkSpace\gitlababoluo\AboluoProject\app\build\intermediates\pre-dexed\debug\debug_a29d56b7979145234ad91edcd622749d6039769c.jar D:\AndroidWorkSpace\gitlababoluo\AboluoProject\app\build\intermediates\classes\debug
java_class_path (initial): D:\Android\AndroidSDK\build-tools\24.0.1\lib\dx.jar
Launcher Type: SUN_STANDARD

Environment Variables:
JAVA_HOME=C:\Program Files\Java\jdk1.8.0_31
CLASSPATH=C:\STAF\samples\demo\STAFDemo.jar;C:\STAF\bin\JSTAF.jar;C:\Program Files\Java\jdk1.8.0_31\lib\dt.jar;C:\Program Files\Java\jdk1.8.0_31\lib\tools.jar
PATH=C:\ProgramData\Oracle\Java\javapath;C:\STAF\bin;D:\Python27\;D:\Python27\Scripts;C:\windows\system32;C:\windows;C:\windows\System32\Wbem;C:\windows\System32\WindowsPowerShell\v1.0\;C:\Program Files\Microsoft\Web Platform Installer\;C:\Program Files (x86)\Microsoft ASP.NET\ASP.NET Web Pages\v1.0\;C:\Program Files (x86)\Windows Kits\8.0\Windows Performance Toolkit\;C:\Program Files\Microsoft SQL Server\110\Tools\Binn\;C:\Program Files (x86)\Microsoft SQL Server\100\Tools\Binn\;C:\Program Files\Microsoft SQL Server\100\Tools\Binn\;C:\Program Files\Microsoft SQL Server\100\DTS\Binn\;C:\Program Files (x86)\Microsoft SQL Server\100\Tools\Binn\VSShell\Common7\IDE\;C:\Program Files (x86)\Microsoft Visual Studio 9.0\Common7\IDE\PrivateAssemblies\;C:\Program Files (x86)\Microsoft SQL Server\100\DTS\Binn\;d:\Program Files (x86)\Bitvise SSH Client;D:\eclipse\apache-maven-3.0.4\bin;C:\apache-tomcat-8.0.33-windows-x64\apache-tomcat-8.0.33\lib;C:\apache-tomcat-8.0.33-windows-x64\apache-tomcat-8.0.33\bin;C:\Program Files\Java\jdk1.8.0_31\bin;C:\Program Files (x86)\GitExtensions\;d:\php5.6;d:php5.6\ext;D:\Android\Android Studio\gradle\gradle-2.14.1\bin;
USERNAME=cj34920
OS=Windows_NT
PROCESSOR_IDENTIFIER=Intel64 Family 6 Model 94 Stepping 3, GenuineIntel



---------------  S Y S T E M  ---------------

OS: Windows 7 , 64 bit Build 7601 Service Pack 1

CPU:total 4 (4 cores per cpu, 1 threads per core) family 6 model 94 stepping 3, cmov, cx8, fxsr, mmx, sse, sse2, sse3, ssse3, sse4.1, sse4.2, popcnt, avx, avx2, aes, clmul, erms, rtm, lzcnt, tsc, tscinvbit, bmi1, bmi2

Memory: 4k page, physical 8266928k(599116k free), swap 22017008k(5092k free)

vm_info: Java HotSpot(TM) 64-Bit Server VM (25.31-b07) for windows-amd64 JRE (1.8.0_31-b13), built on Dec 17 2014 21:00:28 by "java_re" with MS VC++ 10.0 (VS2010)

time: Wed Nov 16 20:43:45 2016
elapsed time: 9 seconds (0d 0h 0m 9s)

