#
# There is insufficient memory for the Java Runtime Environment to continue.
# Native memory allocation (malloc) failed to allocate 65552 bytes for Chunk::new
# Possible reasons:
#   The system is out of physical RAM or swap space
#   In 32 bit mode, the process size limit was hit
# Possible solutions:
#   Reduce memory load on the system
#   Increase physical memory or swap space
#   Check if swap backing store is full
#   Use 64 bit Java on a 64 bit OS
#   Decrease Java heap size (-Xmx/-Xms)
#   Decrease number of Java threads
#   Decrease Java thread stack sizes (-Xss)
#   Set larger code cache with -XX:ReservedCodeCacheSize=
# This output file may be truncated or incomplete.
#
#  Out of Memory Error (allocation.cpp:390), pid=7312, tid=9060
#
# JRE version: Java(TM) SE Runtime Environment (8.0_31-b13) (build 1.8.0_31-b13)
# Java VM: Java HotSpot(TM) 64-Bit Server VM (25.31-b07 mixed mode windows-amd64 compressed oops)
# Failed to write core dump. Minidumps are not enabled by default on client versions of Windows
#

---------------  T H R E A D  ---------------

Current thread (0x00000000565a7000):  JavaThread "C2 CompilerThread1" daemon [_thread_in_native, id=9060, stack(0x0000000056f30000,0x0000000057030000)]

Stack: [0x0000000056f30000,0x0000000057030000]
Native frames: (J=compiled Java code, j=interpreted, Vv=VM code, C=native code)
V  [jvm.dll+0x3169ba]


Current CompileTask:
C2:    494  735   !   4       com.android.dx.rop.code.RegisterSpec::intern (70 bytes)


---------------  P R O C E S S  ---------------

Java Threads: ( => current thread )
  0x0000000056877800 JavaThread "pool-1-thread-4" [_thread_blocked, id=7512, stack(0x00000000577a0000,0x00000000578a0000)]
  0x0000000056874800 JavaThread "pool-1-thread-3" [_thread_blocked, id=9864, stack(0x00000000575c0000,0x00000000576c0000)]
  0x0000000056873800 JavaThread "pool-1-thread-2" [_thread_blocked, id=6904, stack(0x00000000569b0000,0x0000000056ab0000)]
  0x00000000567ce800 JavaThread "pool-2-thread-1" [_thread_blocked, id=7020, stack(0x0000000057360000,0x0000000057460000)]
  0x00000000567ca000 JavaThread "pool-1-thread-1" [_thread_in_vm, id=7152, stack(0x0000000057220000,0x0000000057320000)]
  0x000000005662b000 JavaThread "Service Thread" daemon [_thread_blocked, id=4772, stack(0x0000000056bf0000,0x0000000056cf0000)]
  0x00000000565a8800 JavaThread "C1 CompilerThread2" daemon [_thread_in_native, id=8760, stack(0x00000000570a0000,0x00000000571a0000)]
=>0x00000000565a7000 JavaThread "C2 CompilerThread1" daemon [_thread_in_native, id=9060, stack(0x0000000056f30000,0x0000000057030000)]
  0x000000005531f800 JavaThread "C2 CompilerThread0" daemon [_thread_blocked, id=7000, stack(0x0000000056d20000,0x0000000056e20000)]
  0x000000005531e000 JavaThread "Attach Listener" daemon [_thread_blocked, id=10212, stack(0x0000000056ab0000,0x0000000056bb0000)]
  0x000000005530e000 JavaThread "Signal Dispatcher" daemon [_thread_blocked, id=304, stack(0x0000000056200000,0x0000000056300000)]
  0x00000000552b5000 JavaThread "Finalizer" daemon [_thread_blocked, id=9996, stack(0x0000000056490000,0x0000000056590000)]
  0x00000000552ac000 JavaThread "Reference Handler" daemon [_thread_blocked, id=4324, stack(0x0000000056380000,0x0000000056480000)]
  0x00000000024c8000 JavaThread "main" [_thread_in_Java, id=6780, stack(0x00000000026f0000,0x00000000027f0000)]

Other Threads:
  0x00000000552a8800 VMThread [stack: 0x00000000560f0000,0x00000000561f0000] [id=8724]
  0x0000000056637000 WatcherThread [stack: 0x0000000012150000,0x0000000012250000] [id=10008]

VM state:not at safepoint (normal execution)

VM Mutex/Monitor currently owned by a thread:  ([mutex/lock_event])
[0x0000000001cae900] MethodData_lock - owner thread: 0x00000000567ca000

Heap:
 PSYoungGen      total 38400K, used 18038K [0x00000000eab00000, 0x00000000ed580000, 0x0000000100000000)
  eden space 33280K, 54% used [0x00000000eab00000,0x00000000ebc9d990,0x00000000ecb80000)
  from space 5120K, 0% used [0x00000000ed080000,0x00000000ed080000,0x00000000ed580000)
  to   space 5120K, 0% used [0x00000000ecb80000,0x00000000ecb80000,0x00000000ed080000)
 ParOldGen       total 87552K, used 0K [0x00000000c0000000, 0x00000000c5580000, 0x00000000eab00000)
  object space 87552K, 0% used [0x00000000c0000000,0x00000000c0000000,0x00000000c5580000)
 Metaspace       used 5749K, capacity 6704K, committed 6784K, reserved 1056768K
  class space    used 590K, capacity 616K, committed 640K, reserved 1048576K

Card table byte_map: [0x0000000011bb0000,0x0000000011dc0000] byte_map_base: 0x00000000115b0000

Marking Bits: (ParMarkBitMap*) 0x0000000062c4d4f0
 Begin Bits: [0x0000000012720000, 0x0000000013720000)
 End Bits:   [0x0000000013720000, 0x0000000014720000)

Polling page: 0x0000000000140000

CodeCache: size=245760Kb used=2859Kb max_used=2862Kb free=242901Kb
 bounds [0x00000000027f0000, 0x0000000002ad0000, 0x00000000117f0000]
 total_blobs=996 nmethods=730 adapters=180
 compilation: enabled

Compilation events (10 events):
Event: 0.472 Thread 0x00000000565a8800  727       3       com.android.dx.cf.code.Simulator$SimVisitor::visitLocal (329 bytes)
Event: 0.472 Thread 0x00000000565a7000  733       4       com.android.dx.util.LabeledList::indexOfLabel (22 bytes)
Event: 0.473 Thread 0x00000000565a7000 nmethod 733 0x0000000002ab8010 code [0x0000000002ab8140, 0x0000000002ab81d8]
Event: 0.473 Thread 0x00000000565a7000  734       4       java.util.BitSet::<init> (56 bytes)
Event: 0.473 Thread 0x00000000565a8800 nmethod 727 0x0000000002ab82d0 code [0x0000000002ab8700, 0x0000000002abb278]
Event: 0.474 Thread 0x00000000565a8800  736       3       com.android.dx.rop.cst.CstMemberRef::compareTo0 (49 bytes)
Event: 0.474 Thread 0x00000000565a7000 nmethod 734 0x0000000002ab67d0 code [0x0000000002ab6920, 0x0000000002ab6a58]
Event: 0.474 Thread 0x00000000565a7000  735   !   4       com.android.dx.rop.code.RegisterSpec::intern (70 bytes)
Event: 0.474 Thread 0x00000000565a8800 nmethod 736 0x0000000002abe650 code [0x0000000002abe8a0, 0x0000000002abfbd8]
Event: 0.474 Thread 0x00000000565a8800  744   !   3       com.android.dx.cf.code.RopperMachine::run (1550 bytes)

GC Heap History (0 events):
No events

Deoptimization events (0 events):
No events

Internal exceptions (10 events):
Event: 0.378 Thread 0x00000000567ca000 Exception <a 'java/security/PrivilegedActionException'> (0x00000000eb7a83f0) thrown at [C:\workspace\8-2-build-windows-amd64-cygwin\jdk8u31\2394\hotspot\src\share\vm\prims\jvm.cpp, line 1312]
Event: 0.378 Thread 0x00000000567ca000 Exception <a 'java/security/PrivilegedActionException'> (0x00000000eb7ac918) thrown at [C:\workspace\8-2-build-windows-amd64-cygwin\jdk8u31\2394\hotspot\src\share\vm\prims\jvm.cpp, line 1312]
Event: 0.393 Thread 0x00000000567ca000 Exception <a 'java/security/PrivilegedActionException'> (0x00000000eb7b21b8) thrown at [C:\workspace\8-2-build-windows-amd64-cygwin\jdk8u31\2394\hotspot\src\share\vm\prims\jvm.cpp, line 1312]
Event: 0.402 Thread 0x00000000567ca000 Exception <a 'java/security/PrivilegedActionException'> (0x00000000eb7baca8) thrown at [C:\workspace\8-2-build-windows-amd64-cygwin\jdk8u31\2394\hotspot\src\share\vm\prims\jvm.cpp, line 1312]
Event: 0.402 Thread 0x00000000567ca000 Exception <a 'java/security/PrivilegedActionException'> (0x00000000eb7bff90) thrown at [C:\workspace\8-2-build-windows-amd64-cygwin\jdk8u31\2394\hotspot\src\share\vm\prims\jvm.cpp, line 1312]
Event: 0.405 Thread 0x00000000567ca000 Exception <a 'java/security/PrivilegedActionException'> (0x00000000eb7d0918) thrown at [C:\workspace\8-2-build-windows-amd64-cygwin\jdk8u31\2394\hotspot\src\share\vm\prims\jvm.cpp, line 1312]
Event: 0.407 Thread 0x0000000056874800 Exception <a 'java/security/PrivilegedActionException'> (0x00000000eb2f7c08) thrown at [C:\workspace\8-2-build-windows-amd64-cygwin\jdk8u31\2394\hotspot\src\share\vm\prims\jvm.cpp, line 1312]
Event: 0.413 Thread 0x0000000056874800 Exception <a 'java/security/PrivilegedActionException'> (0x00000000eb3168c0) thrown at [C:\workspace\8-2-build-windows-amd64-cygwin\jdk8u31\2394\hotspot\src\share\vm\prims\jvm.cpp, line 1312]
Event: 0.415 Thread 0x0000000056874800 Exception <a 'java/security/PrivilegedActionException'> (0x00000000eb322ea8) thrown at [C:\workspace\8-2-build-windows-amd64-cygwin\jdk8u31\2394\hotspot\src\share\vm\prims\jvm.cpp, line 1312]
Event: 0.424 Thread 0x0000000056874800 Exception <a 'java/security/PrivilegedActionException'> (0x00000000eb36c380) thrown at [C:\workspace\8-2-build-windows-amd64-cygwin\jdk8u31\2394\hotspot\src\share\vm\prims\jvm.cpp, line 1312]

Events (10 events):
Event: 0.415 loading class com/android/dx/dex/file/MethodAnnotationStruct
Event: 0.415 loading class com/android/dx/dex/file/MethodAnnotationStruct done
Event: 0.423 loading class com/android/dx/cf/code/BytecodeArray$ConstantParserVisitor
Event: 0.423 loading class com/android/dx/cf/code/BytecodeArray$ConstantParserVisitor done
Event: 0.426 loading class java/util/DualPivotQuicksort
Event: 0.427 loading class java/util/DualPivotQuicksort done
Event: 0.451 loading class java/util/ArrayList$1
Event: 0.452 loading class java/util/TreeMap$EntrySet
Event: 0.462 Executing VM operation: ForceSafepoint
Event: 0.463 Executing VM operation: ForceSafepoint done


Dynamic libraries:
0x000000013f370000 - 0x000000013f3a4000 	C:\Program Files\Java\jdk1.8.0_31\bin\java.exe
0x0000000077190000 - 0x0000000077338000 	C:\windows\SYSTEM32\ntdll.dll
0x0000000076f70000 - 0x000000007708f000 	C:\windows\system32\kernel32.dll
0x000007fefd180000 - 0x000007fefd1ec000 	C:\windows\system32\KERNELBASE.dll
0x000007fefe480000 - 0x000007fefe55b000 	C:\windows\system32\ADVAPI32.dll
0x000007feff3b0000 - 0x000007feff44f000 	C:\windows\system32\msvcrt.dll
0x000007feff240000 - 0x000007feff25f000 	C:\windows\SYSTEM32\sechost.dll
0x000007fefe9d0000 - 0x000007fefeafd000 	C:\windows\system32\RPCRT4.dll
0x0000000077090000 - 0x000000007718a000 	C:\windows\system32\USER32.dll
0x000007feff260000 - 0x000007feff2c7000 	C:\windows\system32\GDI32.dll
0x000007fefd5b0000 - 0x000007fefd5be000 	C:\windows\system32\LPK.dll
0x000007feff0d0000 - 0x000007feff199000 	C:\windows\system32\USP10.dll
0x000007fefb730000 - 0x000007fefb924000 	C:\windows\WinSxS\amd64_microsoft.windows.common-controls_6595b64144ccf1df_6.0.7601.18837_none_fa3b1e3d17594757\COMCTL32.dll
0x000007fefeb00000 - 0x000007fefeb71000 	C:\windows\system32\SHLWAPI.dll
0x000007fefe9a0000 - 0x000007fefe9ce000 	C:\windows\system32\IMM32.DLL
0x000007fefd4a0000 - 0x000007fefd5a9000 	C:\windows\system32\MSCTF.dll
0x0000000062cd0000 - 0x0000000062da2000 	C:\Program Files\Java\jdk1.8.0_31\jre\bin\msvcr100.dll
0x0000000062470000 - 0x0000000062cca000 	C:\Program Files\Java\jdk1.8.0_31\jre\bin\server\jvm.dll
0x000007feeece0000 - 0x000007feeece9000 	C:\windows\system32\WSOCK32.dll
0x000007feff450000 - 0x000007feff49d000 	C:\windows\system32\WS2_32.dll
0x000007fefedd0000 - 0x000007fefedd8000 	C:\windows\system32\NSI.dll
0x000007fefaf80000 - 0x000007fefafbb000 	C:\windows\system32\WINMM.dll
0x0000000077360000 - 0x0000000077367000 	C:\windows\system32\PSAPI.DLL
0x0000000063f00000 - 0x0000000063f0f000 	C:\Program Files\Java\jdk1.8.0_31\jre\bin\verify.dll
0x0000000062e60000 - 0x0000000062e88000 	C:\Program Files\Java\jdk1.8.0_31\jre\bin\java.dll
0x0000000062e40000 - 0x0000000062e56000 	C:\Program Files\Java\jdk1.8.0_31\jre\bin\zip.dll
0x000007fefd5c0000 - 0x000007fefe349000 	C:\windows\system32\SHELL32.dll
0x000007fefeec0000 - 0x000007feff0c3000 	C:\windows\system32\ole32.dll
0x000007fefd090000 - 0x000007fefd09f000 	C:\windows\system32\profapi.dll

VM Arguments:
jvm_args: -Djava.awt.headless=true -Xmx1024M -Dfile.encoding=GBK -Duser.country=CN -Duser.language=zh -Duser.variant 
java_command: com.android.dx.command.Main --dex --num-threads=4 --output D:\AndroidWorkSpace\gitlababoluo\AboluoProject\app\build\intermediates\pre-dexed\debug\okio-1.4.0_500f44c867606040cc7191323458d0833ed046f3.jar D:\MyConfiguration\cj34920\.gradle\caches\modules-2\files-2.1\com.squareup.okio\okio\1.4.0\5b72bf48563ea8410e650de14aa33ff69a3e8c35\okio-1.4.0.jar
java_class_path (initial): D:\Android\AndroidSDK\build-tools\24.0.1\lib\dx.jar
Launcher Type: SUN_STANDARD

Environment Variables:
JAVA_HOME=C:\Program Files\Java\jdk1.8.0_31
CLASSPATH=C:\STAF\samples\demo\STAFDemo.jar;C:\STAF\bin\JSTAF.jar;C:\Program Files\Java\jdk1.8.0_31\lib\dt.jar;C:\Program Files\Java\jdk1.8.0_31\lib\tools.jar
PATH=C:\ProgramData\Oracle\Java\javapath;C:\STAF\bin;D:\Python27\;D:\Python27\Scripts;C:\windows\system32;C:\windows;C:\windows\System32\Wbem;C:\windows\System32\WindowsPowerShell\v1.0\;C:\Program Files\Microsoft\Web Platform Installer\;C:\Program Files (x86)\Microsoft ASP.NET\ASP.NET Web Pages\v1.0\;C:\Program Files (x86)\Windows Kits\8.0\Windows Performance Toolkit\;C:\Program Files\Microsoft SQL Server\110\Tools\Binn\;C:\Program Files (x86)\Microsoft SQL Server\100\Tools\Binn\;C:\Program Files\Microsoft SQL Server\100\Tools\Binn\;C:\Program Files\Microsoft SQL Server\100\DTS\Binn\;C:\Program Files (x86)\Microsoft SQL Server\100\Tools\Binn\VSShell\Common7\IDE\;C:\Program Files (x86)\Microsoft Visual Studio 9.0\Common7\IDE\PrivateAssemblies\;C:\Program Files (x86)\Microsoft SQL Server\100\DTS\Binn\;d:\Program Files (x86)\Bitvise SSH Client;D:\eclipse\apache-maven-3.0.4\bin;C:\apache-tomcat-8.0.33-windows-x64\apache-tomcat-8.0.33\lib;C:\apache-tomcat-8.0.33-windows-x64\apache-tomcat-8.0.33\bin;C:\Program Files\Java\jdk1.8.0_31\bin;C:\Program Files (x86)\GitExtensions\;d:\php5.6;d:php5.6\ext;D:\Android\Android Studio\gradle\gradle-2.14.1\bin;
USERNAME=cj34920
OS=Windows_NT
PROCESSOR_IDENTIFIER=Intel64 Family 6 Model 94 Stepping 3, GenuineIntel



---------------  S Y S T E M  ---------------

OS: Windows 7 , 64 bit Build 7601 Service Pack 1

CPU:total 4 (4 cores per cpu, 1 threads per core) family 6 model 94 stepping 3, cmov, cx8, fxsr, mmx, sse, sse2, sse3, ssse3, sse4.1, sse4.2, popcnt, avx, avx2, aes, clmul, erms, rtm, lzcnt, tsc, tscinvbit, bmi1, bmi2

Memory: 4k page, physical 8266928k(187180k free), swap 22017008k(5016k free)

vm_info: Java HotSpot(TM) 64-Bit Server VM (25.31-b07) for windows-amd64 JRE (1.8.0_31-b13), built on Dec 17 2014 21:00:28 by "java_re" with MS VC++ 10.0 (VS2010)

time: Wed Nov 16 20:43:23 2016
elapsed time: 0 seconds (0d 0h 0m 0s)

