#
# There is insufficient memory for the Java Runtime Environment to continue.
# Native memory allocation (malloc) failed to allocate 493776 bytes for Chunk::new
# Possible reasons:
#   The system is out of physical RAM or swap space
#   In 32 bit mode, the process size limit was hit
# Possible solutions:
#   Reduce memory load on the system
#   Increase physical memory or swap space
#   Check if swap backing store is full
#   Use 64 bit Java on a 64 bit OS
#   Decrease Java heap size (-Xmx/-Xms)
#   Decrease number of Java threads
#   Decrease Java thread stack sizes (-Xss)
#   Set larger code cache with -XX:ReservedCodeCacheSize=
# This output file may be truncated or incomplete.
#
#  Out of Memory Error (allocation.cpp:390), pid=9628, tid=5100
#
# JRE version: Java(TM) SE Runtime Environment (8.0_31-b13) (build 1.8.0_31-b13)
# Java VM: Java HotSpot(TM) 64-Bit Server VM (25.31-b07 mixed mode windows-amd64 compressed oops)
# Failed to write core dump. Minidumps are not enabled by default on client versions of Windows
#

---------------  T H R E A D  ---------------

Current thread (0x00000000551df800):  JavaThread "C2 CompilerThread0" daemon [_thread_in_native, id=5100, stack(0x0000000056d60000,0x0000000056e60000)]

Stack: [0x0000000056d60000,0x0000000056e60000]
Native frames: (J=compiled Java code, j=interpreted, Vv=VM code, C=native code)
V  [jvm.dll+0x3169ba]


Current CompileTask:
C2:   1047 1252       4       com.android.dx.ssa.SCCP::simulateStmt (481 bytes)


---------------  P R O C E S S  ---------------

Java Threads: ( => current thread )
  0x0000000056873000 JavaThread "pool-1-thread-4" [_thread_blocked, id=7004, stack(0x0000000057940000,0x0000000057a40000)]
  0x0000000056870000 JavaThread "pool-1-thread-3" [_thread_blocked, id=7864, stack(0x0000000057760000,0x0000000057860000)]
  0x0000000056857000 JavaThread "pool-1-thread-2" [_thread_blocked, id=10204, stack(0x0000000057350000,0x0000000057450000)]
  0x0000000056842800 JavaThread "pool-2-thread-1" [_thread_blocked, id=8500, stack(0x0000000057660000,0x0000000057760000)]
  0x0000000056834800 JavaThread "pool-1-thread-1" [_thread_blocked_trans, id=8044, stack(0x0000000057460000,0x0000000057560000)]
  0x00000000565f0000 JavaThread "Service Thread" daemon [_thread_blocked, id=10028, stack(0x0000000057180000,0x0000000057280000)]
  0x00000000565a1000 JavaThread "C1 CompilerThread2" daemon [_thread_blocked, id=3500, stack(0x0000000056fb0000,0x00000000570b0000)]
  0x0000000056587000 JavaThread "C2 CompilerThread1" daemon [_thread_in_native, id=9560, stack(0x0000000056c00000,0x0000000056d00000)]
=>0x00000000551df800 JavaThread "C2 CompilerThread0" daemon [_thread_in_native, id=5100, stack(0x0000000056d60000,0x0000000056e60000)]
  0x00000000551de000 JavaThread "Attach Listener" daemon [_thread_blocked, id=10112, stack(0x00000000569b0000,0x0000000056ab0000)]
  0x00000000551dd000 JavaThread "Signal Dispatcher" daemon [_thread_blocked, id=8764, stack(0x0000000056ab0000,0x0000000056bb0000)]
  0x0000000055177000 JavaThread "Finalizer" daemon [_thread_blocked, id=8784, stack(0x0000000056470000,0x0000000056570000)]
  0x000000005516c000 JavaThread "Reference Handler" daemon [_thread_blocked, id=9568, stack(0x00000000562b0000,0x00000000563b0000)]
  0x00000000024b8000 JavaThread "main" [_thread_blocked, id=7248, stack(0x00000000027f0000,0x00000000028f0000)]

Other Threads:
  0x0000000055168800 VMThread [stack: 0x0000000056160000,0x0000000056260000] [id=9792]
  0x00000000565f2000 WatcherThread [stack: 0x0000000056e60000,0x0000000056f60000] [id=9396]

VM state:not at safepoint (normal execution)

VM Mutex/Monitor currently owned by a thread: None

Heap:
 PSYoungGen      total 38400K, used 5467K [0x00000000eab00000, 0x00000000ee600000, 0x0000000100000000)
  eden space 33280K, 1% used [0x00000000eab00000,0x00000000eab5ecc0,0x00000000ecb80000)
  from space 5120K, 99% used [0x00000000ed080000,0x00000000ed578028,0x00000000ed580000)
  to   space 5120K, 0% used [0x00000000ecb80000,0x00000000ecb80000,0x00000000ed080000)
 ParOldGen       total 51712K, used 3895K [0x00000000c0000000, 0x00000000c3280000, 0x00000000eab00000)
  object space 51712K, 7% used [0x00000000c0000000,0x00000000c03cdda8,0x00000000c3280000)
 Metaspace       used 6026K, capacity 6960K, committed 7040K, reserved 1058816K
  class space    used 591K, capacity 616K, committed 640K, reserved 1048576K

Card table byte_map: [0x0000000011cb0000,0x0000000011ec0000] byte_map_base: 0x00000000116b0000

Marking Bits: (ParMarkBitMap*) 0x0000000062c4d4f0
 Begin Bits: [0x00000000125e0000, 0x00000000135e0000)
 End Bits:   [0x00000000135e0000, 0x00000000145e0000)

Polling page: 0x0000000000130000

CodeCache: size=245760Kb used=5255Kb max_used=5255Kb free=240504Kb
 bounds [0x00000000028f0000, 0x0000000002e20000, 0x00000000118f0000]
 total_blobs=1623 nmethods=1357 adapters=180
 compilation: enabled

Compilation events (10 events):
Event: 0.989 Thread 0x00000000565a1000 1362       3       com.android.dx.ssa.PhiInsn::mapSourceRegisters (78 bytes)
Event: 0.990 Thread 0x00000000565a1000 nmethod 1362 0x0000000002e0ae90 code [0x0000000002e0b080, 0x0000000002e0ba08]
Event: 0.992 Thread 0x00000000565a1000 1366       3       com.android.dx.ssa.back.FirstFitLocalCombiningAllocator::handleLocalAssociatedParams (132 bytes)
Event: 0.993 Thread 0x00000000565a1000 nmethod 1366 0x0000000002e10210 code [0x0000000002e104a0, 0x0000000002e113c8]
Event: 0.993 Thread 0x00000000565a1000 1367       3       com.android.dx.ssa.back.SsaToRop$PhiVisitor::visitPhiInsn (67 bytes)
Event: 0.994 Thread 0x00000000565a1000 nmethod 1367 0x0000000002e11c50 code [0x0000000002e11ea0, 0x0000000002e12e28]
Event: 0.994 Thread 0x00000000565a1000 1368       1       com.android.dx.rop.code.Insn$BaseVisitor::visitThrowingCstInsn (1 bytes)
Event: 0.994 Thread 0x00000000565a1000 nmethod 1368 0x0000000002df6310 code [0x0000000002df6460, 0x0000000002df6570]
Event: 0.995 Thread 0x00000000565a1000 1369   !   3       com.android.dx.cf.code.Ropper::doit (126 bytes)
Event: 0.996 Thread 0x00000000565a1000 nmethod 1369 0x0000000002e13990 code [0x0000000002e13c80, 0x0000000002e15078]

GC Heap History (6 events):
Event: 0.545 GC heap before
{Heap before GC invocations=1 (full 0):
 PSYoungGen      total 38400K, used 14661K [0x00000000eab00000, 0x00000000ed580000, 0x0000000100000000)
  eden space 33280K, 44% used [0x00000000eab00000,0x00000000eb9514b8,0x00000000ecb80000)
  from space 5120K, 0% used [0x00000000ed080000,0x00000000ed080000,0x00000000ed580000)
  to   space 5120K, 0% used [0x00000000ecb80000,0x00000000ecb80000,0x00000000ed080000)
 ParOldGen       total 87552K, used 0K [0x00000000c0000000, 0x00000000c5580000, 0x00000000eab00000)
  object space 87552K, 0% used [0x00000000c0000000,0x00000000c0000000,0x00000000c5580000)
 Metaspace       used 5176K, capacity 6160K, committed 6272K, reserved 1060864K
  class space    used 564K, capacity 584K, committed 640K, reserved 1048576K
Event: 0.607 GC heap after
Heap after GC invocations=1 (full 0):
 PSYoungGen      total 38400K, used 3079K [0x00000000eab00000, 0x00000000ed580000, 0x0000000100000000)
  eden space 33280K, 0% used [0x00000000eab00000,0x00000000eab00000,0x00000000ecb80000)
  from space 5120K, 60% used [0x00000000ecb80000,0x00000000ece81d98,0x00000000ed080000)
  to   space 5120K, 0% used [0x00000000ed080000,0x00000000ed080000,0x00000000ed580000)
 ParOldGen       total 87552K, used 0K [0x00000000c0000000, 0x00000000c5580000, 0x00000000eab00000)
  object space 87552K, 0% used [0x00000000c0000000,0x00000000c0000000,0x00000000c5580000)
 Metaspace       used 5176K, capacity 6160K, committed 6272K, reserved 1060864K
  class space    used 564K, capacity 584K, committed 640K, reserved 1048576K
}
Event: 0.607 GC heap before
{Heap before GC invocations=2 (full 1):
 PSYoungGen      total 38400K, used 3079K [0x00000000eab00000, 0x00000000ed580000, 0x0000000100000000)
  eden space 33280K, 0% used [0x00000000eab00000,0x00000000eab00000,0x00000000ecb80000)
  from space 5120K, 60% used [0x00000000ecb80000,0x00000000ece81d98,0x00000000ed080000)
  to   space 5120K, 0% used [0x00000000ed080000,0x00000000ed080000,0x00000000ed580000)
 ParOldGen       total 87552K, used 0K [0x00000000c0000000, 0x00000000c5580000, 0x00000000eab00000)
  object space 87552K, 0% used [0x00000000c0000000,0x00000000c0000000,0x00000000c5580000)
 Metaspace       used 5176K, capacity 6160K, committed 6272K, reserved 1060864K
  class space    used 564K, capacity 584K, committed 640K, reserved 1048576K
Event: 0.661 GC heap after
Heap after GC invocations=2 (full 1):
 PSYoungGen      total 38400K, used 0K [0x00000000eab00000, 0x00000000ed580000, 0x0000000100000000)
  eden space 33280K, 0% used [0x00000000eab00000,0x00000000eab00000,0x00000000ecb80000)
  from space 5120K, 0% used [0x00000000ecb80000,0x00000000ecb80000,0x00000000ed080000)
  to   space 5120K, 0% used [0x00000000ed080000,0x00000000ed080000,0x00000000ed580000)
 ParOldGen       total 51712K, used 2942K [0x00000000c0000000, 0x00000000c3280000, 0x00000000eab00000)
  object space 51712K, 5% used [0x00000000c0000000,0x00000000c02dfa38,0x00000000c3280000)
 Metaspace       used 5176K, capacity 6160K, committed 6272K, reserved 1058816K
  class space    used 564K, capacity 584K, committed 640K, reserved 1048576K
}
Event: 0.996 GC heap before
{Heap before GC invocations=3 (full 1):
 PSYoungGen      total 38400K, used 33280K [0x00000000eab00000, 0x00000000ed580000, 0x0000000100000000)
  eden space 33280K, 100% used [0x00000000eab00000,0x00000000ecb80000,0x00000000ecb80000)
  from space 5120K, 0% used [0x00000000ecb80000,0x00000000ecb80000,0x00000000ed080000)
  to   space 5120K, 0% used [0x00000000ed080000,0x00000000ed080000,0x00000000ed580000)
 ParOldGen       total 51712K, used 2942K [0x00000000c0000000, 0x00000000c3280000, 0x00000000eab00000)
  object space 51712K, 5% used [0x00000000c0000000,0x00000000c02dfa38,0x00000000c3280000)
 Metaspace       used 6026K, capacity 6960K, committed 7040K, reserved 1058816K
  class space    used 591K, capacity 616K, committed 640K, reserved 1048576K
Event: 1.025 GC heap after
Heap after GC invocations=3 (full 1):
 PSYoungGen      total 38400K, used 5088K [0x00000000eab00000, 0x00000000ee600000, 0x0000000100000000)
  eden space 33280K, 0% used [0x00000000eab00000,0x00000000eab00000,0x00000000ecb80000)
  from space 5120K, 99% used [0x00000000ed080000,0x00000000ed578028,0x00000000ed580000)
  to   space 5120K, 0% used [0x00000000ecb80000,0x00000000ecb80000,0x00000000ed080000)
 ParOldGen       total 51712K, used 3895K [0x00000000c0000000, 0x00000000c3280000, 0x00000000eab00000)
  object space 51712K, 7% used [0x00000000c0000000,0x00000000c03cdda8,0x00000000c3280000)
 Metaspace       used 6026K, capacity 6960K, committed 7040K, reserved 1058816K
  class space    used 591K, capacity 616K, committed 640K, reserved 1048576K
}

Deoptimization events (3 events):
Event: 0.833 Thread 0x00000000024b8000 Uncommon trap: reason=bimorphic action=maybe_recompile pc=0x0000000002b49158 method=java.util.HashMap.getNode(ILjava/lang/Object;)Ljava/util/HashMap$Node; @ 126
Event: 0.845 Thread 0x0000000056834800 Uncommon trap: reason=null_check action=make_not_entrant pc=0x0000000002c52ed0 method=com.android.dx.ssa.SsaRenamer.getLocalForNewReg(I)Lcom/android/dx/rop/code/LocalItem; @ 19
Event: 0.933 Thread 0x0000000056870000 Uncommon trap: reason=unreached action=reinterpret pc=0x0000000002c8bec4 method=com.android.dx.rop.cst.Constant.compareTo(Lcom/android/dx/rop/cst/Constant;)I @ 12

Internal exceptions (10 events):
Event: 0.693 Thread 0x0000000056873000 Exception <a 'java/security/PrivilegedActionException'> (0x00000000eac87f08) thrown at [C:\workspace\8-2-build-windows-amd64-cygwin\jdk8u31\2394\hotspot\src\share\vm\prims\jvm.cpp, line 1312]
Event: 0.693 Thread 0x0000000056873000 Exception <a 'java/security/PrivilegedActionException'> (0x00000000eac8c658) thrown at [C:\workspace\8-2-build-windows-amd64-cygwin\jdk8u31\2394\hotspot\src\share\vm\prims\jvm.cpp, line 1312]
Event: 0.695 Thread 0x0000000056857000 Exception <a 'java/security/PrivilegedActionException'> (0x00000000eac47840) thrown at [C:\workspace\8-2-build-windows-amd64-cygwin\jdk8u31\2394\hotspot\src\share\vm\prims\jvm.cpp, line 1312]
Event: 0.696 Thread 0x0000000056857000 Exception <a 'java/security/PrivilegedActionException'> (0x00000000eae4f898) thrown at [C:\workspace\8-2-build-windows-amd64-cygwin\jdk8u31\2394\hotspot\src\share\vm\prims\jvm.cpp, line 1312]
Event: 0.699 Thread 0x0000000056857000 Exception <a 'java/security/PrivilegedActionException'> (0x00000000eae64768) thrown at [C:\workspace\8-2-build-windows-amd64-cygwin\jdk8u31\2394\hotspot\src\share\vm\prims\jvm.cpp, line 1312]
Event: 0.840 Thread 0x00000000024b8000 Exception <a 'java/security/PrivilegedActionException'> (0x00000000eb5dea48) thrown at [C:\workspace\8-2-build-windows-amd64-cygwin\jdk8u31\2394\hotspot\src\share\vm\prims\jvm.cpp, line 1312]
Event: 0.843 Thread 0x00000000024b8000 Exception <a 'java/security/PrivilegedActionException'> (0x00000000eb7933d8) thrown at [C:\workspace\8-2-build-windows-amd64-cygwin\jdk8u31\2394\hotspot\src\share\vm\prims\jvm.cpp, line 1312]
Event: 0.843 Thread 0x00000000024b8000 Exception <a 'java/security/PrivilegedActionException'> (0x00000000eb79d518) thrown at [C:\workspace\8-2-build-windows-amd64-cygwin\jdk8u31\2394\hotspot\src\share\vm\prims\jvm.cpp, line 1312]
Event: 0.844 Thread 0x00000000024b8000 Exception <a 'java/security/PrivilegedActionException'> (0x00000000eb79fa68) thrown at [C:\workspace\8-2-build-windows-amd64-cygwin\jdk8u31\2394\hotspot\src\share\vm\prims\jvm.cpp, line 1312]
Event: 0.845 Thread 0x0000000056834800 Implicit null exception at 0x0000000002c50ae3 to 0x0000000002c52ea9

Events (10 events):
Event: 0.918 Thread 0x0000000056870000 DEOPT UNPACKING pc=0x00000000029375bf sp=0x000000005785e4b8 mode 0
Event: 0.933 Thread 0x0000000056870000 Uncommon trap: trap_request=0xffffffad fr.pc=0x0000000002c8bec4
Event: 0.933 Thread 0x0000000056870000 DEOPT PACKING pc=0x0000000002c8bec4 sp=0x000000005785e540
Event: 0.933 Thread 0x0000000056870000 DEOPT UNPACKING pc=0x000000000293556a sp=0x000000005785e4e0 mode 2
Event: 0.939 Executing VM operation: ForceSafepoint
Event: 0.943 Executing VM operation: ForceSafepoint done
Event: 0.968 Thread 0x0000000056870000 DEOPT PACKING pc=0x0000000002c5d60d sp=0x000000005785e880
Event: 0.968 Thread 0x0000000056870000 DEOPT UNPACKING pc=0x00000000029375bf sp=0x000000005785e670 mode 0
Event: 0.996 Executing VM operation: ParallelGCFailedAllocation
Event: 1.025 Executing VM operation: ParallelGCFailedAllocation done


Dynamic libraries:
0x000000013f370000 - 0x000000013f3a4000 	C:\Program Files\Java\jdk1.8.0_31\bin\java.exe
0x0000000077190000 - 0x0000000077338000 	C:\windows\SYSTEM32\ntdll.dll
0x0000000076f70000 - 0x000000007708f000 	C:\windows\system32\kernel32.dll
0x000007fefd180000 - 0x000007fefd1ec000 	C:\windows\system32\KERNELBASE.dll
0x000007fefe480000 - 0x000007fefe55b000 	C:\windows\system32\ADVAPI32.dll
0x000007feff3b0000 - 0x000007feff44f000 	C:\windows\system32\msvcrt.dll
0x000007feff240000 - 0x000007feff25f000 	C:\windows\SYSTEM32\sechost.dll
0x000007fefe9d0000 - 0x000007fefeafd000 	C:\windows\system32\RPCRT4.dll
0x0000000077090000 - 0x000000007718a000 	C:\windows\system32\USER32.dll
0x000007feff260000 - 0x000007feff2c7000 	C:\windows\system32\GDI32.dll
0x000007fefd5b0000 - 0x000007fefd5be000 	C:\windows\system32\LPK.dll
0x000007feff0d0000 - 0x000007feff199000 	C:\windows\system32\USP10.dll
0x000007fefb730000 - 0x000007fefb924000 	C:\windows\WinSxS\amd64_microsoft.windows.common-controls_6595b64144ccf1df_6.0.7601.18837_none_fa3b1e3d17594757\COMCTL32.dll
0x000007fefeb00000 - 0x000007fefeb71000 	C:\windows\system32\SHLWAPI.dll
0x000007fefe9a0000 - 0x000007fefe9ce000 	C:\windows\system32\IMM32.DLL
0x000007fefd4a0000 - 0x000007fefd5a9000 	C:\windows\system32\MSCTF.dll
0x0000000062cd0000 - 0x0000000062da2000 	C:\Program Files\Java\jdk1.8.0_31\jre\bin\msvcr100.dll
0x0000000062470000 - 0x0000000062cca000 	C:\Program Files\Java\jdk1.8.0_31\jre\bin\server\jvm.dll
0x000007feeece0000 - 0x000007feeece9000 	C:\windows\system32\WSOCK32.dll
0x000007feff450000 - 0x000007feff49d000 	C:\windows\system32\WS2_32.dll
0x000007fefedd0000 - 0x000007fefedd8000 	C:\windows\system32\NSI.dll
0x000007fefaf80000 - 0x000007fefafbb000 	C:\windows\system32\WINMM.dll
0x0000000077360000 - 0x0000000077367000 	C:\windows\system32\PSAPI.DLL
0x0000000063f00000 - 0x0000000063f0f000 	C:\Program Files\Java\jdk1.8.0_31\jre\bin\verify.dll
0x0000000062e60000 - 0x0000000062e88000 	C:\Program Files\Java\jdk1.8.0_31\jre\bin\java.dll
0x0000000062e40000 - 0x0000000062e56000 	C:\Program Files\Java\jdk1.8.0_31\jre\bin\zip.dll
0x000007fefd5c0000 - 0x000007fefe349000 	C:\windows\system32\SHELL32.dll
0x000007fefeec0000 - 0x000007feff0c3000 	C:\windows\system32\ole32.dll
0x000007fefd090000 - 0x000007fefd09f000 	C:\windows\system32\profapi.dll

VM Arguments:
jvm_args: -Djava.awt.headless=true -Xmx1024M -Dfile.encoding=GBK -Duser.country=CN -Duser.language=zh -Duser.variant 
java_command: com.android.dx.command.Main --dex --num-threads=4 --output D:\AndroidWorkSpace\gitlababoluo\AboluoProject\app\build\intermediates\pre-dexed\debug\okhttp-2.4.0_a8b076b585b65f9cf5b0a130be28b32778d90376.jar D:\MyConfiguration\cj34920\.gradle\caches\modules-2\files-2.1\com.squareup.okhttp\okhttp\2.4.0\40340c0748190fe897baf7bffbc1b282734294e5\okhttp-2.4.0.jar
java_class_path (initial): D:\Android\AndroidSDK\build-tools\24.0.1\lib\dx.jar
Launcher Type: SUN_STANDARD

Environment Variables:
JAVA_HOME=C:\Program Files\Java\jdk1.8.0_31
CLASSPATH=C:\STAF\samples\demo\STAFDemo.jar;C:\STAF\bin\JSTAF.jar;C:\Program Files\Java\jdk1.8.0_31\lib\dt.jar;C:\Program Files\Java\jdk1.8.0_31\lib\tools.jar
PATH=C:\ProgramData\Oracle\Java\javapath;C:\STAF\bin;D:\Python27\;D:\Python27\Scripts;C:\windows\system32;C:\windows;C:\windows\System32\Wbem;C:\windows\System32\WindowsPowerShell\v1.0\;C:\Program Files\Microsoft\Web Platform Installer\;C:\Program Files (x86)\Microsoft ASP.NET\ASP.NET Web Pages\v1.0\;C:\Program Files (x86)\Windows Kits\8.0\Windows Performance Toolkit\;C:\Program Files\Microsoft SQL Server\110\Tools\Binn\;C:\Program Files (x86)\Microsoft SQL Server\100\Tools\Binn\;C:\Program Files\Microsoft SQL Server\100\Tools\Binn\;C:\Program Files\Microsoft SQL Server\100\DTS\Binn\;C:\Program Files (x86)\Microsoft SQL Server\100\Tools\Binn\VSShell\Common7\IDE\;C:\Program Files (x86)\Microsoft Visual Studio 9.0\Common7\IDE\PrivateAssemblies\;C:\Program Files (x86)\Microsoft SQL Server\100\DTS\Binn\;d:\Program Files (x86)\Bitvise SSH Client;D:\eclipse\apache-maven-3.0.4\bin;C:\apache-tomcat-8.0.33-windows-x64\apache-tomcat-8.0.33\lib;C:\apache-tomcat-8.0.33-windows-x64\apache-tomcat-8.0.33\bin;C:\Program Files\Java\jdk1.8.0_31\bin;C:\Program Files (x86)\GitExtensions\;d:\php5.6;d:php5.6\ext;D:\Android\Android Studio\gradle\gradle-2.14.1\bin;
USERNAME=cj34920
OS=Windows_NT
PROCESSOR_IDENTIFIER=Intel64 Family 6 Model 94 Stepping 3, GenuineIntel



---------------  S Y S T E M  ---------------

OS: Windows 7 , 64 bit Build 7601 Service Pack 1

CPU:total 4 (4 cores per cpu, 1 threads per core) family 6 model 94 stepping 3, cmov, cx8, fxsr, mmx, sse, sse2, sse3, ssse3, sse4.1, sse4.2, popcnt, avx, avx2, aes, clmul, erms, rtm, lzcnt, tsc, tscinvbit, bmi1, bmi2

Memory: 4k page, physical 8266928k(188424k free), swap 22017008k(5152k free)

vm_info: Java HotSpot(TM) 64-Bit Server VM (25.31-b07) for windows-amd64 JRE (1.8.0_31-b13), built on Dec 17 2014 21:00:28 by "java_re" with MS VC++ 10.0 (VS2010)

time: Wed Nov 16 20:43:24 2016
elapsed time: 1 seconds (0d 0h 0m 1s)

